
Showing logs for build [32mcb-kubecd-environment-pr-212-1-6wlk4-1[0m stage [32mfrom-build-pack[0m and container [32mstep-credential-initializer-tnx7p[0m
{"level":"info","ts":1588214309.6556034,"logger":"fallback-logger","caller":"logging/config.go:69","msg":"Fetch GitHub commit ID from kodata failed: open /var/run/ko/refs/heads/0.8.0-ns-support: no such file or directory"}
{"level":"info","ts":1588214309.6562357,"logger":"fallback-logger","caller":"creds-init/main.go:40","msg":"Credentials initialized."}

Showing logs for build [32mcb-kubecd-environment-pr-212-1-6wlk4-1[0m stage [32mfrom-build-pack[0m and container [32mstep-working-dir-initializer-h9tr8[0m
{"level":"info","ts":1588214310.6263463,"logger":"fallback-logger","caller":"logging/config.go:69","msg":"Fetch GitHub commit ID from kodata failed: open /var/run/ko/HEAD: no such file or directory"}
{"level":"info","ts":1588214310.628154,"logger":"fallback-logger","caller":"bash/main.go:64","msg":"Successfully executed command \"sh -c mkdir -p /workspace/source\"; output "}

Showing logs for build [32mcb-kubecd-environment-pr-212-1-6wlk4-1[0m stage [32mfrom-build-pack[0m and container [32mstep-place-tools[0m

Showing logs for build [32mcb-kubecd-environment-pr-212-1-6wlk4-1[0m stage [32mfrom-build-pack[0m and container [32mstep-git-source-cb-kubecd-environment-pr-212-1-6wlk4-w5tc9[0m
{"level":"info","ts":1588214313.74068,"logger":"fallback-logger","caller":"logging/config.go:69","msg":"Fetch GitHub commit ID from kodata failed: open /var/run/ko/refs/heads/0.8.0-ns-support: no such file or directory"}
{"level":"info","ts":1588214314.8843427,"logger":"fallback-logger","caller":"git/git.go:103","msg":"Successfully cloned https://github.com/cb-kubecd/environment-pr-212-1-boot-gke-production.git @ master in path /workspace/source"}

Showing logs for build [32mcb-kubecd-environment-pr-212-1-6wlk4-1[0m stage [32mfrom-build-pack[0m and container [32mstep-git-merge[0m
Using SHAs from PULL_REFS=master:447123e75b6c57eaa254ea5b459e08d45339f6e2,1:cc88a764fddf84d7df80085e323081722a062c5d
DEBUG: LC_ALL=C JX_LOG_LEVEL=error git fetch origin --unshallow cc88a764fddf84d7df80085e323081722a062c5d: 447123e75b6c57eaa254ea5b459e08d45339f6e2:
DEBUG: ran git fetch --unshallow origin cc88a764fddf84d7df80085e323081722a062c5d: 447123e75b6c57eaa254ea5b459e08d45339f6e2: in 
DEBUG: LC_ALL=C JX_LOG_LEVEL=error git branch
DEBUG: LC_ALL=C JX_LOG_LEVEL=error git checkout master
DEBUG: ran git checkout master in 
DEBUG: LC_ALL=C JX_LOG_LEVEL=error git reset --hard 447123e75b6c57eaa254ea5b459e08d45339f6e2
DEBUG: ran git reset --hard 447123e75b6c57eaa254ea5b459e08d45339f6e2 in 
DEBUG: LC_ALL=C JX_LOG_LEVEL=error git clean -fd .
DEBUG: ran clean --force -d . in 
DEBUG: JX_LOG_LEVEL=error LC_ALL=C git merge cc88a764fddf84d7df80085e323081722a062c5d
DEBUG: ran git merge cc88a764fddf84d7df80085e323081722a062c5d in 
DEBUG: LC_ALL=C JX_LOG_LEVEL=error git log --format=%H%x1f%an%x1f%ae%x1f%cn%x1f%ce%x1f%s%n%b%x1e 447123e75b6c57eaa254ea5b459e08d45339f6e2..HEAD
Merged SHA cc88a764fddf84d7df80085e323081722a062c5d with commit message 'chore: Promote bdd-spring-1588213372 to version 0.0.1' into base branch master

Showing logs for build [32mcb-kubecd-environment-pr-212-1-6wlk4-1[0m stage [32mfrom-build-pack[0m and container [32mstep-build-helm-build[0m
WARNING: No $CHART_REPOSITORY defined so using the default value of: http://jenkins-x-chartmuseum:8080
Adding missing Helm repo: storage.googleapis.com https://storage.googleapis.com/chartmuseum.jenkins-x.io
WARNING: No secrets found on "helm/repos" due: reading the secret "helm/repos" from vault: no secret "helm/repos" not found in vault
Read credentials for https://storage.googleapis.com/chartmuseum.jenkins-x.io from vault helm/repos
Successfully added Helm repository storage.googleapis.com.
Adding missing Helm repo: jenkins-x-chartmuseum http://jenkins-x-chartmuseum:8080
WARNING: No secrets found on "helm/repos" due: reading the secret "helm/repos" from vault: no secret "helm/repos" not found in vault
Read credentials for http://jenkins-x-chartmuseum:8080 from vault helm/repos
Successfully added Helm repository jenkins-x-chartmuseum.
WARNING: No $CHART_REPOSITORY defined so using the default value of: http://jenkins-x-chartmuseum:8080
Adding missing Helm repo: chartmuseum.jenkins-x.io http://chartmuseum.jenkins-x.io
WARNING: No secrets found on "helm/repos" due: reading the secret "helm/repos" from vault: no secret "helm/repos" not found in vault
Read credentials for http://chartmuseum.jenkins-x.io from vault helm/repos
Successfully added Helm repository chartmuseum.jenkins-x.io.
